{"/Users/DarlingPressStudio/Desktop/thinkful/reactCapstone/tarot-react-redux/src/config.js": {"path":"/Users/DarlingPressStudio/Desktop/thinkful/reactCapstone/tarot-react-redux/src/config.js","statementMap":{"0":{"start":{"line":2,"column":28},"end":{"line":2,"column":51}}},"fnMap":{},"branchMap":{},"s":{"0":2},"f":{},"b":{},"_coverageSchema":"43e27e138ebf9cfc5966b082cf9a028302ed4184","hash":"c42730aeaac7b0db0df9ec10d902b6d61c9dcdfc"}
,"/Users/DarlingPressStudio/Desktop/thinkful/reactCapstone/tarot-react-redux/src/local-storage.js": {"path":"/Users/DarlingPressStudio/Desktop/thinkful/reactCapstone/tarot-react-redux/src/local-storage.js","statementMap":{"0":{"start":{"line":1,"column":29},"end":{"line":3,"column":1}},"1":{"start":{"line":2,"column":2},"end":{"line":2,"column":43}},"2":{"start":{"line":5,"column":29},"end":{"line":9,"column":1}},"3":{"start":{"line":6,"column":2},"end":{"line":8,"column":16}},"4":{"start":{"line":7,"column":6},"end":{"line":7,"column":51}},"5":{"start":{"line":11,"column":30},"end":{"line":15,"column":1}},"6":{"start":{"line":12,"column":2},"end":{"line":14,"column":16}},"7":{"start":{"line":13,"column":6},"end":{"line":13,"column":43}}},"fnMap":{"0":{"name":"(anonymous_0)","decl":{"start":{"line":1,"column":29},"end":{"line":1,"column":30}},"loc":{"start":{"line":1,"column":35},"end":{"line":3,"column":1}},"line":1},"1":{"name":"(anonymous_1)","decl":{"start":{"line":5,"column":29},"end":{"line":5,"column":30}},"loc":{"start":{"line":5,"column":42},"end":{"line":9,"column":1}},"line":5},"2":{"name":"(anonymous_2)","decl":{"start":{"line":11,"column":30},"end":{"line":11,"column":31}},"loc":{"start":{"line":11,"column":36},"end":{"line":15,"column":1}},"line":11}},"branchMap":{},"s":{"0":2,"1":0,"2":2,"3":0,"4":0,"5":2,"6":0,"7":0},"f":{"0":0,"1":0,"2":0},"b":{},"_coverageSchema":"43e27e138ebf9cfc5966b082cf9a028302ed4184","hash":"29ff25fc5f2b4c2c892b787e019017e2cf60e9f4"}
,"/Users/DarlingPressStudio/Desktop/thinkful/reactCapstone/tarot-react-redux/src/actions/index.js": {"path":"/Users/DarlingPressStudio/Desktop/thinkful/reactCapstone/tarot-react-redux/src/actions/index.js","statementMap":{"0":{"start":{"line":1,"column":27},"end":{"line":1,"column":40}},"1":{"start":{"line":2,"column":27},"end":{"line":5,"column":2}},"2":{"start":{"line":2,"column":44},"end":{"line":5,"column":1}},"3":{"start":{"line":7,"column":28},"end":{"line":7,"column":42}},"4":{"start":{"line":8,"column":28},"end":{"line":10,"column":2}},"5":{"start":{"line":8,"column":35},"end":{"line":10,"column":1}},"6":{"start":{"line":12,"column":21},"end":{"line":12,"column":28}},"7":{"start":{"line":13,"column":21},"end":{"line":15,"column":2}},"8":{"start":{"line":13,"column":27},"end":{"line":15,"column":1}},"9":{"start":{"line":17,"column":24},"end":{"line":17,"column":34}},"10":{"start":{"line":18,"column":24},"end":{"line":21,"column":2}},"11":{"start":{"line":18,"column":35},"end":{"line":21,"column":1}},"12":{"start":{"line":23,"column":28},"end":{"line":23,"column":42}},"13":{"start":{"line":24,"column":28},"end":{"line":26,"column":2}},"14":{"start":{"line":24,"column":35},"end":{"line":26,"column":1}},"15":{"start":{"line":28,"column":26},"end":{"line":28,"column":38}},"16":{"start":{"line":29,"column":26},"end":{"line":32,"column":2}},"17":{"start":{"line":29,"column":42},"end":{"line":32,"column":1}},"18":{"start":{"line":34,"column":27},"end":{"line":34,"column":41}},"19":{"start":{"line":35,"column":28},"end":{"line":37,"column":2}},"20":{"start":{"line":35,"column":35},"end":{"line":37,"column":1}},"21":{"start":{"line":39,"column":26},"end":{"line":39,"column":39}},"22":{"start":{"line":40,"column":27},"end":{"line":42,"column":2}},"23":{"start":{"line":40,"column":34},"end":{"line":42,"column":1}},"24":{"start":{"line":44,"column":29},"end":{"line":44,"column":44}},"25":{"start":{"line":45,"column":29},"end":{"line":47,"column":2}},"26":{"start":{"line":45,"column":36},"end":{"line":47,"column":1}},"27":{"start":{"line":49,"column":25},"end":{"line":49,"column":36}},"28":{"start":{"line":50,"column":25},"end":{"line":53,"column":2}},"29":{"start":{"line":50,"column":39},"end":{"line":53,"column":1}}},"fnMap":{"0":{"name":"(anonymous_0)","decl":{"start":{"line":2,"column":27},"end":{"line":2,"column":28}},"loc":{"start":{"line":2,"column":44},"end":{"line":5,"column":1}},"line":2},"1":{"name":"(anonymous_1)","decl":{"start":{"line":8,"column":28},"end":{"line":8,"column":29}},"loc":{"start":{"line":8,"column":35},"end":{"line":10,"column":1}},"line":8},"2":{"name":"(anonymous_2)","decl":{"start":{"line":13,"column":21},"end":{"line":13,"column":22}},"loc":{"start":{"line":13,"column":27},"end":{"line":15,"column":1}},"line":13},"3":{"name":"(anonymous_3)","decl":{"start":{"line":18,"column":24},"end":{"line":18,"column":25}},"loc":{"start":{"line":18,"column":35},"end":{"line":21,"column":1}},"line":18},"4":{"name":"(anonymous_4)","decl":{"start":{"line":24,"column":28},"end":{"line":24,"column":29}},"loc":{"start":{"line":24,"column":35},"end":{"line":26,"column":1}},"line":24},"5":{"name":"(anonymous_5)","decl":{"start":{"line":29,"column":26},"end":{"line":29,"column":27}},"loc":{"start":{"line":29,"column":42},"end":{"line":32,"column":1}},"line":29},"6":{"name":"(anonymous_6)","decl":{"start":{"line":35,"column":28},"end":{"line":35,"column":29}},"loc":{"start":{"line":35,"column":35},"end":{"line":37,"column":1}},"line":35},"7":{"name":"(anonymous_7)","decl":{"start":{"line":40,"column":27},"end":{"line":40,"column":28}},"loc":{"start":{"line":40,"column":34},"end":{"line":42,"column":1}},"line":40},"8":{"name":"(anonymous_8)","decl":{"start":{"line":45,"column":29},"end":{"line":45,"column":30}},"loc":{"start":{"line":45,"column":36},"end":{"line":47,"column":1}},"line":45},"9":{"name":"(anonymous_9)","decl":{"start":{"line":50,"column":25},"end":{"line":50,"column":26}},"loc":{"start":{"line":50,"column":39},"end":{"line":53,"column":1}},"line":50}},"branchMap":{},"s":{"0":4,"1":4,"2":2,"3":4,"4":4,"5":2,"6":4,"7":4,"8":2,"9":4,"10":4,"11":2,"12":4,"13":4,"14":0,"15":4,"16":4,"17":2,"18":4,"19":4,"20":2,"21":4,"22":4,"23":0,"24":4,"25":4,"26":2,"27":4,"28":4,"29":2},"f":{"0":2,"1":2,"2":2,"3":2,"4":0,"5":2,"6":2,"7":0,"8":2,"9":2},"b":{},"_coverageSchema":"43e27e138ebf9cfc5966b082cf9a028302ed4184","hash":"a30d43dbaac8d1884263cc4f30a3b708c2066d4a"}
,"/Users/DarlingPressStudio/Desktop/thinkful/reactCapstone/tarot-react-redux/src/actions/protected.js": {"path":"/Users/DarlingPressStudio/Desktop/thinkful/reactCapstone/tarot-react-redux/src/actions/protected.js","statementMap":{"0":{"start":{"line":11,"column":30},"end":{"line":11,"column":46}},"1":{"start":{"line":12,"column":28},"end":{"line":15,"column":2}},"2":{"start":{"line":12,"column":42},"end":{"line":15,"column":1}},"3":{"start":{"line":17,"column":26},"end":{"line":17,"column":38}},"4":{"start":{"line":18,"column":25},"end":{"line":20,"column":2}},"5":{"start":{"line":18,"column":32},"end":{"line":20,"column":1}},"6":{"start":{"line":22,"column":28},"end":{"line":22,"column":42}},"7":{"start":{"line":23,"column":27},"end":{"line":25,"column":2}},"8":{"start":{"line":23,"column":34},"end":{"line":25,"column":1}},"9":{"start":{"line":27,"column":28},"end":{"line":27,"column":42}},"10":{"start":{"line":28,"column":27},"end":{"line":31,"column":2}},"11":{"start":{"line":28,"column":43},"end":{"line":31,"column":1}},"12":{"start":{"line":33,"column":26},"end":{"line":33,"column":38}},"13":{"start":{"line":34,"column":25},"end":{"line":37,"column":2}},"14":{"start":{"line":34,"column":35},"end":{"line":37,"column":1}},"15":{"start":{"line":39,"column":37},"end":{"line":39,"column":52}},"16":{"start":{"line":40,"column":35},"end":{"line":42,"column":2}},"17":{"start":{"line":40,"column":42},"end":{"line":42,"column":1}},"18":{"start":{"line":44,"column":37},"end":{"line":44,"column":60}},"19":{"start":{"line":45,"column":35},"end":{"line":48,"column":2}},"20":{"start":{"line":45,"column":47},"end":{"line":48,"column":1}},"21":{"start":{"line":50,"column":35},"end":{"line":50,"column":56}},"22":{"start":{"line":51,"column":33},"end":{"line":54,"column":2}},"23":{"start":{"line":51,"column":43},"end":{"line":54,"column":1}},"24":{"start":{"line":56,"column":36},"end":{"line":56,"column":58}},"25":{"start":{"line":57,"column":34},"end":{"line":60,"column":2}},"26":{"start":{"line":57,"column":47},"end":{"line":60,"column":1}},"27":{"start":{"line":62,"column":36},"end":{"line":62,"column":58}},"28":{"start":{"line":63,"column":34},"end":{"line":65,"column":2}},"29":{"start":{"line":63,"column":41},"end":{"line":65,"column":1}},"30":{"start":{"line":67,"column":34},"end":{"line":67,"column":54}},"31":{"start":{"line":68,"column":32},"end":{"line":71,"column":2}},"32":{"start":{"line":68,"column":42},"end":{"line":71,"column":1}},"33":{"start":{"line":75,"column":29},"end":{"line":85,"column":1}},"34":{"start":{"line":76,"column":2},"end":{"line":76,"column":24}},"35":{"start":{"line":77,"column":23},"end":{"line":77,"column":43}},"36":{"start":{"line":78,"column":2},"end":{"line":78,"column":27}},"37":{"start":{"line":79,"column":23},"end":{"line":79,"column":49}},"38":{"start":{"line":80,"column":23},"end":{"line":80,"column":48}},"39":{"start":{"line":81,"column":2},"end":{"line":81,"column":36}},"40":{"start":{"line":82,"column":2},"end":{"line":82,"column":37}},"41":{"start":{"line":83,"column":2},"end":{"line":83,"column":45}},"42":{"start":{"line":84,"column":2},"end":{"line":84,"column":27}},"43":{"start":{"line":89,"column":30},"end":{"line":97,"column":1}},"44":{"start":{"line":90,"column":2},"end":{"line":90,"column":20}},"45":{"start":{"line":91,"column":2},"end":{"line":91,"column":33}},"46":{"start":{"line":92,"column":2},"end":{"line":92,"column":34}},"47":{"start":{"line":93,"column":2},"end":{"line":93,"column":37}},"48":{"start":{"line":94,"column":2},"end":{"line":94,"column":44}},"49":{"start":{"line":95,"column":2},"end":{"line":95,"column":51}},"50":{"start":{"line":96,"column":2},"end":{"line":96,"column":28}},"51":{"start":{"line":100,"column":26},"end":{"line":129,"column":1}},"52":{"start":{"line":100,"column":50},"end":{"line":129,"column":1}},"53":{"start":{"line":101,"column":2},"end":{"line":101,"column":26}},"54":{"start":{"line":102,"column":2},"end":{"line":127,"column":4}},"55":{"start":{"line":114,"column":15},"end":{"line":114,"column":43}},"56":{"start":{"line":115,"column":15},"end":{"line":115,"column":25}},"57":{"start":{"line":117,"column":4},"end":{"line":117,"column":29}},"58":{"start":{"line":118,"column":4},"end":{"line":118,"column":33}},"59":{"start":{"line":121,"column":30},"end":{"line":121,"column":33}},"60":{"start":{"line":122,"column":4},"end":{"line":126,"column":6}},"61":{"start":{"line":131,"column":21},"end":{"line":162,"column":1}},"62":{"start":{"line":131,"column":45},"end":{"line":162,"column":1}},"63":{"start":{"line":132,"column":2},"end":{"line":132,"column":26}},"64":{"start":{"line":133,"column":2},"end":{"line":161,"column":4}},"65":{"start":{"line":144,"column":17},"end":{"line":144,"column":45}},"66":{"start":{"line":145,"column":17},"end":{"line":145,"column":27}},"67":{"start":{"line":147,"column":6},"end":{"line":147,"column":31}},"68":{"start":{"line":148,"column":6},"end":{"line":148,"column":35}},"69":{"start":{"line":151,"column":23},"end":{"line":151,"column":26}},"70":{"start":{"line":153,"column":8},"end":{"line":155,"column":47}},"71":{"start":{"line":156,"column":6},"end":{"line":156,"column":31}},"72":{"start":{"line":157,"column":6},"end":{"line":159,"column":11}},"73":{"start":{"line":164,"column":32},"end":{"line":179,"column":1}},"74":{"start":{"line":164,"column":38},"end":{"line":179,"column":1}},"75":{"start":{"line":165,"column":20},"end":{"line":165,"column":45}},"76":{"start":{"line":166,"column":2},"end":{"line":178,"column":5}},"77":{"start":{"line":173,"column":15},"end":{"line":173,"column":43}},"78":{"start":{"line":174,"column":15},"end":{"line":174,"column":25}},"79":{"start":{"line":175,"column":25},"end":{"line":175,"column":59}},"80":{"start":{"line":177,"column":4},"end":{"line":177,"column":30}},"81":{"start":{"line":181,"column":35},"end":{"line":210,"column":1}},"82":{"start":{"line":181,"column":47},"end":{"line":210,"column":1}},"83":{"start":{"line":182,"column":19},"end":{"line":182,"column":46}},"84":{"start":{"line":183,"column":20},"end":{"line":183,"column":45}},"85":{"start":{"line":184,"column":21},"end":{"line":184,"column":48}},"86":{"start":{"line":185,"column":19},"end":{"line":185,"column":34}},"87":{"start":{"line":186,"column":16},"end":{"line":186,"column":42}},"88":{"start":{"line":188,"column":2},"end":{"line":209,"column":5}},"89":{"start":{"line":202,"column":15},"end":{"line":202,"column":43}},"90":{"start":{"line":203,"column":15},"end":{"line":203,"column":25}},"91":{"start":{"line":204,"column":25},"end":{"line":204,"column":59}},"92":{"start":{"line":205,"column":14},"end":{"line":205,"column":44}},"93":{"start":{"line":206,"column":14},"end":{"line":206,"column":46}},"94":{"start":{"line":208,"column":4},"end":{"line":208,"column":30}},"95":{"start":{"line":212,"column":28},"end":{"line":231,"column":1}},"96":{"start":{"line":212,"column":40},"end":{"line":231,"column":1}},"97":{"start":{"line":213,"column":2},"end":{"line":213,"column":34}},"98":{"start":{"line":214,"column":2},"end":{"line":230,"column":6}},"99":{"start":{"line":216,"column":6},"end":{"line":218,"column":7}},"100":{"start":{"line":217,"column":8},"end":{"line":217,"column":54}},"101":{"start":{"line":219,"column":6},"end":{"line":219,"column":24}},"102":{"start":{"line":222,"column":6},"end":{"line":222,"column":44}},"103":{"start":{"line":224,"column":32},"end":{"line":224,"column":35}},"104":{"start":{"line":225,"column":6},"end":{"line":229,"column":8}}},"fnMap":{"0":{"name":"(anonymous_0)","decl":{"start":{"line":12,"column":28},"end":{"line":12,"column":29}},"loc":{"start":{"line":12,"column":42},"end":{"line":15,"column":1}},"line":12},"1":{"name":"(anonymous_1)","decl":{"start":{"line":18,"column":25},"end":{"line":18,"column":26}},"loc":{"start":{"line":18,"column":32},"end":{"line":20,"column":1}},"line":18},"2":{"name":"(anonymous_2)","decl":{"start":{"line":23,"column":27},"end":{"line":23,"column":28}},"loc":{"start":{"line":23,"column":34},"end":{"line":25,"column":1}},"line":23},"3":{"name":"(anonymous_3)","decl":{"start":{"line":28,"column":27},"end":{"line":28,"column":28}},"loc":{"start":{"line":28,"column":43},"end":{"line":31,"column":1}},"line":28},"4":{"name":"(anonymous_4)","decl":{"start":{"line":34,"column":25},"end":{"line":34,"column":26}},"loc":{"start":{"line":34,"column":35},"end":{"line":37,"column":1}},"line":34},"5":{"name":"(anonymous_5)","decl":{"start":{"line":40,"column":35},"end":{"line":40,"column":36}},"loc":{"start":{"line":40,"column":42},"end":{"line":42,"column":1}},"line":40},"6":{"name":"(anonymous_6)","decl":{"start":{"line":45,"column":35},"end":{"line":45,"column":36}},"loc":{"start":{"line":45,"column":47},"end":{"line":48,"column":1}},"line":45},"7":{"name":"(anonymous_7)","decl":{"start":{"line":51,"column":33},"end":{"line":51,"column":34}},"loc":{"start":{"line":51,"column":43},"end":{"line":54,"column":1}},"line":51},"8":{"name":"(anonymous_8)","decl":{"start":{"line":57,"column":34},"end":{"line":57,"column":35}},"loc":{"start":{"line":57,"column":47},"end":{"line":60,"column":1}},"line":57},"9":{"name":"(anonymous_9)","decl":{"start":{"line":63,"column":34},"end":{"line":63,"column":35}},"loc":{"start":{"line":63,"column":41},"end":{"line":65,"column":1}},"line":63},"10":{"name":"(anonymous_10)","decl":{"start":{"line":68,"column":32},"end":{"line":68,"column":33}},"loc":{"start":{"line":68,"column":42},"end":{"line":71,"column":1}},"line":68},"11":{"name":"(anonymous_11)","decl":{"start":{"line":75,"column":29},"end":{"line":75,"column":30}},"loc":{"start":{"line":75,"column":54},"end":{"line":85,"column":1}},"line":75},"12":{"name":"(anonymous_12)","decl":{"start":{"line":89,"column":30},"end":{"line":89,"column":31}},"loc":{"start":{"line":89,"column":50},"end":{"line":97,"column":1}},"line":89},"13":{"name":"(anonymous_13)","decl":{"start":{"line":100,"column":26},"end":{"line":100,"column":27}},"loc":{"start":{"line":100,"column":50},"end":{"line":129,"column":1}},"line":100},"14":{"name":"(anonymous_14)","decl":{"start":{"line":100,"column":50},"end":{"line":100,"column":51}},"loc":{"start":{"line":100,"column":64},"end":{"line":129,"column":1}},"line":100},"15":{"name":"(anonymous_15)","decl":{"start":{"line":114,"column":8},"end":{"line":114,"column":9}},"loc":{"start":{"line":114,"column":15},"end":{"line":114,"column":43}},"line":114},"16":{"name":"(anonymous_16)","decl":{"start":{"line":115,"column":8},"end":{"line":115,"column":9}},"loc":{"start":{"line":115,"column":15},"end":{"line":115,"column":25}},"line":115},"17":{"name":"(anonymous_17)","decl":{"start":{"line":116,"column":8},"end":{"line":116,"column":9}},"loc":{"start":{"line":116,"column":15},"end":{"line":119,"column":3}},"line":116},"18":{"name":"(anonymous_18)","decl":{"start":{"line":120,"column":9},"end":{"line":120,"column":10}},"loc":{"start":{"line":120,"column":16},"end":{"line":127,"column":3}},"line":120},"19":{"name":"(anonymous_19)","decl":{"start":{"line":131,"column":21},"end":{"line":131,"column":22}},"loc":{"start":{"line":131,"column":45},"end":{"line":162,"column":1}},"line":131},"20":{"name":"(anonymous_20)","decl":{"start":{"line":131,"column":45},"end":{"line":131,"column":46}},"loc":{"start":{"line":131,"column":57},"end":{"line":162,"column":1}},"line":131},"21":{"name":"(anonymous_21)","decl":{"start":{"line":144,"column":10},"end":{"line":144,"column":11}},"loc":{"start":{"line":144,"column":17},"end":{"line":144,"column":45}},"line":144},"22":{"name":"(anonymous_22)","decl":{"start":{"line":145,"column":10},"end":{"line":145,"column":11}},"loc":{"start":{"line":145,"column":17},"end":{"line":145,"column":27}},"line":145},"23":{"name":"(anonymous_23)","decl":{"start":{"line":146,"column":10},"end":{"line":146,"column":11}},"loc":{"start":{"line":146,"column":19},"end":{"line":149,"column":5}},"line":146},"24":{"name":"(anonymous_24)","decl":{"start":{"line":150,"column":11},"end":{"line":150,"column":12}},"loc":{"start":{"line":150,"column":18},"end":{"line":160,"column":5}},"line":150},"25":{"name":"(anonymous_25)","decl":{"start":{"line":164,"column":32},"end":{"line":164,"column":33}},"loc":{"start":{"line":164,"column":38},"end":{"line":179,"column":1}},"line":164},"26":{"name":"(anonymous_26)","decl":{"start":{"line":164,"column":38},"end":{"line":164,"column":39}},"loc":{"start":{"line":164,"column":62},"end":{"line":179,"column":1}},"line":164},"27":{"name":"(anonymous_27)","decl":{"start":{"line":173,"column":8},"end":{"line":173,"column":9}},"loc":{"start":{"line":173,"column":15},"end":{"line":173,"column":43}},"line":173},"28":{"name":"(anonymous_28)","decl":{"start":{"line":174,"column":8},"end":{"line":174,"column":9}},"loc":{"start":{"line":174,"column":15},"end":{"line":174,"column":25}},"line":174},"29":{"name":"(anonymous_29)","decl":{"start":{"line":175,"column":8},"end":{"line":175,"column":9}},"loc":{"start":{"line":175,"column":25},"end":{"line":175,"column":59}},"line":175},"30":{"name":"(anonymous_30)","decl":{"start":{"line":176,"column":9},"end":{"line":176,"column":10}},"loc":{"start":{"line":176,"column":16},"end":{"line":178,"column":3}},"line":176},"31":{"name":"(anonymous_31)","decl":{"start":{"line":181,"column":35},"end":{"line":181,"column":36}},"loc":{"start":{"line":181,"column":47},"end":{"line":210,"column":1}},"line":181},"32":{"name":"(anonymous_32)","decl":{"start":{"line":181,"column":47},"end":{"line":181,"column":48}},"loc":{"start":{"line":181,"column":71},"end":{"line":210,"column":1}},"line":181},"33":{"name":"(anonymous_33)","decl":{"start":{"line":202,"column":8},"end":{"line":202,"column":9}},"loc":{"start":{"line":202,"column":15},"end":{"line":202,"column":43}},"line":202},"34":{"name":"(anonymous_34)","decl":{"start":{"line":203,"column":8},"end":{"line":203,"column":9}},"loc":{"start":{"line":203,"column":15},"end":{"line":203,"column":25}},"line":203},"35":{"name":"(anonymous_35)","decl":{"start":{"line":204,"column":8},"end":{"line":204,"column":9}},"loc":{"start":{"line":204,"column":25},"end":{"line":204,"column":59}},"line":204},"36":{"name":"(anonymous_36)","decl":{"start":{"line":205,"column":8},"end":{"line":205,"column":9}},"loc":{"start":{"line":205,"column":14},"end":{"line":205,"column":44}},"line":205},"37":{"name":"(anonymous_37)","decl":{"start":{"line":206,"column":8},"end":{"line":206,"column":9}},"loc":{"start":{"line":206,"column":14},"end":{"line":206,"column":46}},"line":206},"38":{"name":"(anonymous_38)","decl":{"start":{"line":207,"column":9},"end":{"line":207,"column":10}},"loc":{"start":{"line":207,"column":16},"end":{"line":209,"column":3}},"line":207},"39":{"name":"(anonymous_39)","decl":{"start":{"line":212,"column":28},"end":{"line":212,"column":29}},"loc":{"start":{"line":212,"column":40},"end":{"line":231,"column":1}},"line":212},"40":{"name":"(anonymous_40)","decl":{"start":{"line":212,"column":40},"end":{"line":212,"column":41}},"loc":{"start":{"line":212,"column":52},"end":{"line":231,"column":1}},"line":212},"41":{"name":"(anonymous_41)","decl":{"start":{"line":215,"column":11},"end":{"line":215,"column":12}},"loc":{"start":{"line":215,"column":18},"end":{"line":220,"column":5}},"line":215},"42":{"name":"(anonymous_42)","decl":{"start":{"line":221,"column":10},"end":{"line":221,"column":11}},"loc":{"start":{"line":222,"column":6},"end":{"line":222,"column":44}},"line":222},"43":{"name":"(anonymous_43)","decl":{"start":{"line":223,"column":11},"end":{"line":223,"column":12}},"loc":{"start":{"line":223,"column":18},"end":{"line":230,"column":5}},"line":223}},"branchMap":{"0":{"loc":{"start":{"line":153,"column":8},"end":{"line":155,"column":47}},"type":"cond-expr","locations":[{"start":{"line":154,"column":12},"end":{"line":154,"column":44}},{"start":{"line":155,"column":12},"end":{"line":155,"column":47}}],"line":153},"1":{"loc":{"start":{"line":216,"column":6},"end":{"line":218,"column":7}},"type":"if","locations":[{"start":{"line":216,"column":6},"end":{"line":218,"column":7}},{"start":{"line":216,"column":6},"end":{"line":218,"column":7}}],"line":216}},"s":{"0":2,"1":2,"2":2,"3":2,"4":2,"5":2,"6":2,"7":2,"8":2,"9":2,"10":2,"11":1,"12":2,"13":2,"14":1,"15":2,"16":2,"17":2,"18":2,"19":2,"20":2,"21":2,"22":2,"23":0,"24":2,"25":2,"26":0,"27":2,"28":2,"29":0,"30":2,"31":2,"32":0,"33":2,"34":0,"35":0,"36":0,"37":0,"38":0,"39":0,"40":0,"41":0,"42":0,"43":2,"44":0,"45":0,"46":0,"47":0,"48":0,"49":0,"50":0,"51":2,"52":0,"53":0,"54":0,"55":0,"56":0,"57":0,"58":0,"59":0,"60":0,"61":2,"62":0,"63":0,"64":0,"65":0,"66":0,"67":0,"68":0,"69":0,"70":0,"71":0,"72":0,"73":2,"74":0,"75":0,"76":0,"77":0,"78":0,"79":0,"80":0,"81":2,"82":0,"83":0,"84":0,"85":0,"86":0,"87":0,"88":0,"89":0,"90":0,"91":0,"92":0,"93":0,"94":0,"95":2,"96":1,"97":1,"98":1,"99":1,"100":0,"101":1,"102":1,"103":0,"104":0},"f":{"0":2,"1":2,"2":2,"3":1,"4":1,"5":2,"6":2,"7":0,"8":0,"9":0,"10":0,"11":0,"12":0,"13":0,"14":0,"15":0,"16":0,"17":0,"18":0,"19":0,"20":0,"21":0,"22":0,"23":0,"24":0,"25":0,"26":0,"27":0,"28":0,"29":0,"30":0,"31":0,"32":0,"33":0,"34":0,"35":0,"36":0,"37":0,"38":0,"39":1,"40":1,"41":1,"42":1,"43":0},"b":{"0":[0,0],"1":[0,1]},"_coverageSchema":"43e27e138ebf9cfc5966b082cf9a028302ed4184","hash":"def043138199bddd110e67f877a139ea98066635"}
,"/Users/DarlingPressStudio/Desktop/thinkful/reactCapstone/tarot-react-redux/src/actions/utils.js": {"path":"/Users/DarlingPressStudio/Desktop/thinkful/reactCapstone/tarot-react-redux/src/actions/utils.js","statementMap":{"0":{"start":{"line":1,"column":39},"end":{"line":15,"column":1}},"1":{"start":{"line":2,"column":2},"end":{"line":13,"column":3}},"2":{"start":{"line":3,"column":4},"end":{"line":8,"column":5}},"3":{"start":{"line":7,"column":6},"end":{"line":7,"column":55}},"4":{"start":{"line":7,"column":34},"end":{"line":7,"column":53}},"5":{"start":{"line":9,"column":4},"end":{"line":12,"column":7}},"6":{"start":{"line":14,"column":2},"end":{"line":14,"column":13}}},"fnMap":{"0":{"name":"(anonymous_0)","decl":{"start":{"line":1,"column":39},"end":{"line":1,"column":40}},"loc":{"start":{"line":1,"column":46},"end":{"line":15,"column":1}},"line":1},"1":{"name":"(anonymous_1)","decl":{"start":{"line":7,"column":29},"end":{"line":7,"column":30}},"loc":{"start":{"line":7,"column":34},"end":{"line":7,"column":53}},"line":7}},"branchMap":{"0":{"loc":{"start":{"line":2,"column":2},"end":{"line":13,"column":3}},"type":"if","locations":[{"start":{"line":2,"column":2},"end":{"line":13,"column":3}},{"start":{"line":2,"column":2},"end":{"line":13,"column":3}}],"line":2},"1":{"loc":{"start":{"line":3,"column":4},"end":{"line":8,"column":5}},"type":"if","locations":[{"start":{"line":3,"column":4},"end":{"line":8,"column":5}},{"start":{"line":3,"column":4},"end":{"line":8,"column":5}}],"line":3},"2":{"loc":{"start":{"line":4,"column":6},"end":{"line":5,"column":68}},"type":"binary-expr","locations":[{"start":{"line":4,"column":6},"end":{"line":4,"column":37}},{"start":{"line":5,"column":6},"end":{"line":5,"column":68}}],"line":4}},"s":{"0":2,"1":0,"2":0,"3":0,"4":0,"5":0,"6":0},"f":{"0":0,"1":0},"b":{"0":[0,0],"1":[0,0],"2":[0,0]},"_coverageSchema":"43e27e138ebf9cfc5966b082cf9a028302ed4184","hash":"917c3d02b5659287eafd223505b4cd50bf0c8b25"}
,"/Users/DarlingPressStudio/Desktop/thinkful/reactCapstone/tarot-react-redux/src/reducers/auth.js": {"path":"/Users/DarlingPressStudio/Desktop/thinkful/reactCapstone/tarot-react-redux/src/reducers/auth.js","statementMap":{"0":{"start":{"line":15,"column":21},"end":{"line":22,"column":1}},"1":{"start":{"line":25,"column":2},"end":{"line":82,"column":3}},"2":{"start":{"line":26,"column":4},"end":{"line":28,"column":7}},"3":{"start":{"line":29,"column":9},"end":{"line":82,"column":3}},"4":{"start":{"line":30,"column":4},"end":{"line":33,"column":7}},"5":{"start":{"line":34,"column":9},"end":{"line":82,"column":3}},"6":{"start":{"line":35,"column":4},"end":{"line":38,"column":7}},"7":{"start":{"line":39,"column":9},"end":{"line":82,"column":3}},"8":{"start":{"line":40,"column":4},"end":{"line":44,"column":7}},"9":{"start":{"line":45,"column":9},"end":{"line":82,"column":3}},"10":{"start":{"line":46,"column":4},"end":{"line":49,"column":7}},"11":{"start":{"line":50,"column":9},"end":{"line":82,"column":3}},"12":{"start":{"line":51,"column":4},"end":{"line":54,"column":7}},"13":{"start":{"line":55,"column":9},"end":{"line":82,"column":3}},"14":{"start":{"line":56,"column":4},"end":{"line":59,"column":7}},"15":{"start":{"line":60,"column":9},"end":{"line":82,"column":3}},"16":{"start":{"line":61,"column":4},"end":{"line":64,"column":7}},"17":{"start":{"line":65,"column":9},"end":{"line":82,"column":3}},"18":{"start":{"line":66,"column":4},"end":{"line":69,"column":7}},"19":{"start":{"line":70,"column":9},"end":{"line":82,"column":3}},"20":{"start":{"line":71,"column":4},"end":{"line":76,"column":7}},"21":{"start":{"line":77,"column":9},"end":{"line":82,"column":3}},"22":{"start":{"line":78,"column":4},"end":{"line":81,"column":7}},"23":{"start":{"line":83,"column":1},"end":{"line":83,"column":14}}},"fnMap":{"0":{"name":"reducer","decl":{"start":{"line":24,"column":24},"end":{"line":24,"column":31}},"loc":{"start":{"line":24,"column":62},"end":{"line":84,"column":1}},"line":24}},"branchMap":{"0":{"loc":{"start":{"line":24,"column":33},"end":{"line":24,"column":53}},"type":"default-arg","locations":[{"start":{"line":24,"column":41},"end":{"line":24,"column":53}}],"line":24},"1":{"loc":{"start":{"line":25,"column":2},"end":{"line":82,"column":3}},"type":"if","locations":[{"start":{"line":25,"column":2},"end":{"line":82,"column":3}},{"start":{"line":25,"column":2},"end":{"line":82,"column":3}}],"line":25},"2":{"loc":{"start":{"line":29,"column":9},"end":{"line":82,"column":3}},"type":"if","locations":[{"start":{"line":29,"column":9},"end":{"line":82,"column":3}},{"start":{"line":29,"column":9},"end":{"line":82,"column":3}}],"line":29},"3":{"loc":{"start":{"line":34,"column":9},"end":{"line":82,"column":3}},"type":"if","locations":[{"start":{"line":34,"column":9},"end":{"line":82,"column":3}},{"start":{"line":34,"column":9},"end":{"line":82,"column":3}}],"line":34},"4":{"loc":{"start":{"line":39,"column":9},"end":{"line":82,"column":3}},"type":"if","locations":[{"start":{"line":39,"column":9},"end":{"line":82,"column":3}},{"start":{"line":39,"column":9},"end":{"line":82,"column":3}}],"line":39},"5":{"loc":{"start":{"line":45,"column":9},"end":{"line":82,"column":3}},"type":"if","locations":[{"start":{"line":45,"column":9},"end":{"line":82,"column":3}},{"start":{"line":45,"column":9},"end":{"line":82,"column":3}}],"line":45},"6":{"loc":{"start":{"line":50,"column":9},"end":{"line":82,"column":3}},"type":"if","locations":[{"start":{"line":50,"column":9},"end":{"line":82,"column":3}},{"start":{"line":50,"column":9},"end":{"line":82,"column":3}}],"line":50},"7":{"loc":{"start":{"line":55,"column":9},"end":{"line":82,"column":3}},"type":"if","locations":[{"start":{"line":55,"column":9},"end":{"line":82,"column":3}},{"start":{"line":55,"column":9},"end":{"line":82,"column":3}}],"line":55},"8":{"loc":{"start":{"line":60,"column":9},"end":{"line":82,"column":3}},"type":"if","locations":[{"start":{"line":60,"column":9},"end":{"line":82,"column":3}},{"start":{"line":60,"column":9},"end":{"line":82,"column":3}}],"line":60},"9":{"loc":{"start":{"line":65,"column":9},"end":{"line":82,"column":3}},"type":"if","locations":[{"start":{"line":65,"column":9},"end":{"line":82,"column":3}},{"start":{"line":65,"column":9},"end":{"line":82,"column":3}}],"line":65},"10":{"loc":{"start":{"line":70,"column":9},"end":{"line":82,"column":3}},"type":"if","locations":[{"start":{"line":70,"column":9},"end":{"line":82,"column":3}},{"start":{"line":70,"column":9},"end":{"line":82,"column":3}}],"line":70},"11":{"loc":{"start":{"line":77,"column":9},"end":{"line":82,"column":3}},"type":"if","locations":[{"start":{"line":77,"column":9},"end":{"line":82,"column":3}},{"start":{"line":77,"column":9},"end":{"line":82,"column":3}}],"line":77}},"s":{"0":1,"1":5,"2":1,"3":4,"4":1,"5":3,"6":1,"7":2,"8":0,"9":2,"10":0,"11":2,"12":0,"13":2,"14":0,"15":2,"16":0,"17":2,"18":0,"19":2,"20":0,"21":2,"22":0,"23":2},"f":{"0":5},"b":{"0":[4],"1":[1,4],"2":[1,3],"3":[1,2],"4":[0,2],"5":[0,2],"6":[0,2],"7":[0,2],"8":[0,2],"9":[0,2],"10":[0,2],"11":[0,2]},"_coverageSchema":"43e27e138ebf9cfc5966b082cf9a028302ed4184","hash":"529a2ca41ccae2ef81f35a4ae83abdcd0a5eb531"}
,"/Users/DarlingPressStudio/Desktop/thinkful/reactCapstone/tarot-react-redux/src/reducers/index.js": {"path":"/Users/DarlingPressStudio/Desktop/thinkful/reactCapstone/tarot-react-redux/src/reducers/index.js","statementMap":{"0":{"start":{"line":14,"column":16},"end":{"line":14,"column":40}},"1":{"start":{"line":16,"column":21},"end":{"line":100,"column":1}},"2":{"start":{"line":102,"column":27},"end":{"line":182,"column":1}},"3":{"start":{"line":103,"column":2},"end":{"line":180,"column":3}},"4":{"start":{"line":104,"column":4},"end":{"line":108,"column":7}},"5":{"start":{"line":109,"column":9},"end":{"line":180,"column":3}},"6":{"start":{"line":110,"column":18},"end":{"line":110,"column":37}},"7":{"start":{"line":112,"column":6},"end":{"line":112,"column":55}},"8":{"start":{"line":114,"column":4},"end":{"line":114,"column":51}},"9":{"start":{"line":114,"column":24},"end":{"line":114,"column":49}},"10":{"start":{"line":115,"column":4},"end":{"line":117,"column":7}},"11":{"start":{"line":118,"column":9},"end":{"line":180,"column":3}},"12":{"start":{"line":119,"column":23},"end":{"line":119,"column":43}},"13":{"start":{"line":121,"column":6},"end":{"line":121,"column":55}},"14":{"start":{"line":123,"column":4},"end":{"line":123,"column":56}},"15":{"start":{"line":123,"column":29},"end":{"line":123,"column":54}},"16":{"start":{"line":124,"column":4},"end":{"line":126,"column":7}},"17":{"start":{"line":127,"column":9},"end":{"line":180,"column":3}},"18":{"start":{"line":128,"column":4},"end":{"line":131,"column":7}},"19":{"start":{"line":132,"column":9},"end":{"line":180,"column":3}},"20":{"start":{"line":133,"column":4},"end":{"line":135,"column":7}},"21":{"start":{"line":136,"column":9},"end":{"line":180,"column":3}},"22":{"start":{"line":137,"column":4},"end":{"line":139,"column":7}},"23":{"start":{"line":140,"column":9},"end":{"line":180,"column":3}},"24":{"start":{"line":141,"column":4},"end":{"line":149,"column":7}},"25":{"start":{"line":142,"column":6},"end":{"line":145,"column":8}},"26":{"start":{"line":147,"column":4},"end":{"line":149,"column":7}},"27":{"start":{"line":150,"column":9},"end":{"line":180,"column":3}},"28":{"start":{"line":151,"column":4},"end":{"line":159,"column":5}},"29":{"start":{"line":152,"column":6},"end":{"line":154,"column":8}},"30":{"start":{"line":156,"column":6},"end":{"line":158,"column":9}},"31":{"start":{"line":160,"column":9},"end":{"line":180,"column":3}},"32":{"start":{"line":161,"column":4},"end":{"line":169,"column":5}},"33":{"start":{"line":162,"column":6},"end":{"line":164,"column":9}},"34":{"start":{"line":166,"column":6},"end":{"line":168,"column":9}},"35":{"start":{"line":170,"column":9},"end":{"line":180,"column":3}},"36":{"start":{"line":171,"column":4},"end":{"line":179,"column":5}},"37":{"start":{"line":172,"column":6},"end":{"line":174,"column":8}},"38":{"start":{"line":176,"column":6},"end":{"line":178,"column":8}},"39":{"start":{"line":181,"column":2},"end":{"line":181,"column":15}}},"fnMap":{"0":{"name":"(anonymous_0)","decl":{"start":{"line":102,"column":27},"end":{"line":102,"column":28}},"loc":{"start":{"line":102,"column":59},"end":{"line":182,"column":1}},"line":102},"1":{"name":"direction","decl":{"start":{"line":111,"column":13},"end":{"line":111,"column":22}},"loc":{"start":{"line":111,"column":24},"end":{"line":113,"column":5}},"line":111},"2":{"name":"(anonymous_2)","decl":{"start":{"line":114,"column":16},"end":{"line":114,"column":17}},"loc":{"start":{"line":114,"column":24},"end":{"line":114,"column":49}},"line":114},"3":{"name":"direction","decl":{"start":{"line":120,"column":13},"end":{"line":120,"column":22}},"loc":{"start":{"line":120,"column":24},"end":{"line":122,"column":5}},"line":120},"4":{"name":"(anonymous_4)","decl":{"start":{"line":123,"column":21},"end":{"line":123,"column":22}},"loc":{"start":{"line":123,"column":29},"end":{"line":123,"column":54}},"line":123}},"branchMap":{"0":{"loc":{"start":{"line":102,"column":28},"end":{"line":102,"column":46}},"type":"default-arg","locations":[{"start":{"line":102,"column":34},"end":{"line":102,"column":46}}],"line":102},"1":{"loc":{"start":{"line":103,"column":2},"end":{"line":180,"column":3}},"type":"if","locations":[{"start":{"line":103,"column":2},"end":{"line":180,"column":3}},{"start":{"line":103,"column":2},"end":{"line":180,"column":3}}],"line":103},"2":{"loc":{"start":{"line":109,"column":9},"end":{"line":180,"column":3}},"type":"if","locations":[{"start":{"line":109,"column":9},"end":{"line":180,"column":3}},{"start":{"line":109,"column":9},"end":{"line":180,"column":3}}],"line":109},"3":{"loc":{"start":{"line":118,"column":9},"end":{"line":180,"column":3}},"type":"if","locations":[{"start":{"line":118,"column":9},"end":{"line":180,"column":3}},{"start":{"line":118,"column":9},"end":{"line":180,"column":3}}],"line":118},"4":{"loc":{"start":{"line":127,"column":9},"end":{"line":180,"column":3}},"type":"if","locations":[{"start":{"line":127,"column":9},"end":{"line":180,"column":3}},{"start":{"line":127,"column":9},"end":{"line":180,"column":3}}],"line":127},"5":{"loc":{"start":{"line":132,"column":9},"end":{"line":180,"column":3}},"type":"if","locations":[{"start":{"line":132,"column":9},"end":{"line":180,"column":3}},{"start":{"line":132,"column":9},"end":{"line":180,"column":3}}],"line":132},"6":{"loc":{"start":{"line":136,"column":9},"end":{"line":180,"column":3}},"type":"if","locations":[{"start":{"line":136,"column":9},"end":{"line":180,"column":3}},{"start":{"line":136,"column":9},"end":{"line":180,"column":3}}],"line":136},"7":{"loc":{"start":{"line":140,"column":9},"end":{"line":180,"column":3}},"type":"if","locations":[{"start":{"line":140,"column":9},"end":{"line":180,"column":3}},{"start":{"line":140,"column":9},"end":{"line":180,"column":3}}],"line":140},"8":{"loc":{"start":{"line":141,"column":4},"end":{"line":149,"column":7}},"type":"if","locations":[{"start":{"line":141,"column":4},"end":{"line":149,"column":7}},{"start":{"line":141,"column":4},"end":{"line":149,"column":7}}],"line":141},"9":{"loc":{"start":{"line":150,"column":9},"end":{"line":180,"column":3}},"type":"if","locations":[{"start":{"line":150,"column":9},"end":{"line":180,"column":3}},{"start":{"line":150,"column":9},"end":{"line":180,"column":3}}],"line":150},"10":{"loc":{"start":{"line":151,"column":4},"end":{"line":159,"column":5}},"type":"if","locations":[{"start":{"line":151,"column":4},"end":{"line":159,"column":5}},{"start":{"line":151,"column":4},"end":{"line":159,"column":5}}],"line":151},"11":{"loc":{"start":{"line":160,"column":9},"end":{"line":180,"column":3}},"type":"if","locations":[{"start":{"line":160,"column":9},"end":{"line":180,"column":3}},{"start":{"line":160,"column":9},"end":{"line":180,"column":3}}],"line":160},"12":{"loc":{"start":{"line":161,"column":4},"end":{"line":169,"column":5}},"type":"if","locations":[{"start":{"line":161,"column":4},"end":{"line":169,"column":5}},{"start":{"line":161,"column":4},"end":{"line":169,"column":5}}],"line":161},"13":{"loc":{"start":{"line":170,"column":9},"end":{"line":180,"column":3}},"type":"if","locations":[{"start":{"line":170,"column":9},"end":{"line":180,"column":3}},{"start":{"line":170,"column":9},"end":{"line":180,"column":3}}],"line":170},"14":{"loc":{"start":{"line":171,"column":4},"end":{"line":179,"column":5}},"type":"if","locations":[{"start":{"line":171,"column":4},"end":{"line":179,"column":5}},{"start":{"line":171,"column":4},"end":{"line":179,"column":5}}],"line":171}},"s":{"0":1,"1":1,"2":1,"3":10,"4":1,"5":9,"6":0,"7":0,"8":0,"9":0,"10":0,"11":9,"12":1,"13":3,"14":1,"15":3,"16":1,"17":8,"18":1,"19":7,"20":1,"21":6,"22":1,"23":5,"24":1,"25":0,"26":1,"27":4,"28":1,"29":0,"30":1,"31":3,"32":1,"33":0,"34":1,"35":2,"36":0,"37":0,"38":0,"39":2},"f":{"0":10,"1":0,"2":0,"3":3,"4":3},"b":{"0":[9],"1":[1,9],"2":[0,9],"3":[1,8],"4":[1,7],"5":[1,6],"6":[1,5],"7":[1,4],"8":[0,1],"9":[1,3],"10":[0,1],"11":[1,2],"12":[0,1],"13":[0,2],"14":[0,0]},"_coverageSchema":"43e27e138ebf9cfc5966b082cf9a028302ed4184","hash":"f664f8dade5c1f7c5d1fcfdd99a9a1f8a1d91578"}
}
