TN:
SF:/Users/DarlingPressStudio/Desktop/thinkful/reactCapstone/tarot-react-redux/src/config.js
FNF:0
FNH:0
DA:2,2
LF:1
LH:1
BRF:0
BRH:0
end_of_record
TN:
SF:/Users/DarlingPressStudio/Desktop/thinkful/reactCapstone/tarot-react-redux/src/local-storage.js
FN:1,(anonymous_0)
FN:5,(anonymous_1)
FN:11,(anonymous_2)
FNF:3
FNH:0
FNDA:0,(anonymous_0)
FNDA:0,(anonymous_1)
FNDA:0,(anonymous_2)
DA:1,2
DA:2,0
DA:5,2
DA:6,0
DA:7,0
DA:11,2
DA:12,0
DA:13,0
LF:8
LH:3
BRF:0
BRH:0
end_of_record
TN:
SF:/Users/DarlingPressStudio/Desktop/thinkful/reactCapstone/tarot-react-redux/src/actions/index.js
FN:2,(anonymous_0)
FN:8,(anonymous_1)
FN:13,(anonymous_2)
FN:18,(anonymous_3)
FN:24,(anonymous_4)
FN:29,(anonymous_5)
FN:35,(anonymous_6)
FN:40,(anonymous_7)
FN:45,(anonymous_8)
FN:50,(anonymous_9)
FNF:10
FNH:8
FNDA:2,(anonymous_0)
FNDA:2,(anonymous_1)
FNDA:2,(anonymous_2)
FNDA:2,(anonymous_3)
FNDA:0,(anonymous_4)
FNDA:2,(anonymous_5)
FNDA:2,(anonymous_6)
FNDA:0,(anonymous_7)
FNDA:2,(anonymous_8)
FNDA:2,(anonymous_9)
DA:1,4
DA:2,4
DA:7,4
DA:8,4
DA:12,4
DA:13,4
DA:17,4
DA:18,4
DA:23,4
DA:24,4
DA:28,4
DA:29,4
DA:34,4
DA:35,4
DA:39,4
DA:40,4
DA:44,4
DA:45,4
DA:49,4
DA:50,4
LF:20
LH:20
BRF:0
BRH:0
end_of_record
TN:
SF:/Users/DarlingPressStudio/Desktop/thinkful/reactCapstone/tarot-react-redux/src/actions/protected.js
FN:12,(anonymous_0)
FN:18,(anonymous_1)
FN:23,(anonymous_2)
FN:28,(anonymous_3)
FN:34,(anonymous_4)
FN:40,(anonymous_5)
FN:45,(anonymous_6)
FN:51,(anonymous_7)
FN:57,(anonymous_8)
FN:63,(anonymous_9)
FN:68,(anonymous_10)
FN:75,(anonymous_11)
FN:89,(anonymous_12)
FN:100,(anonymous_13)
FN:100,(anonymous_14)
FN:114,(anonymous_15)
FN:115,(anonymous_16)
FN:116,(anonymous_17)
FN:120,(anonymous_18)
FN:131,(anonymous_19)
FN:131,(anonymous_20)
FN:144,(anonymous_21)
FN:145,(anonymous_22)
FN:146,(anonymous_23)
FN:150,(anonymous_24)
FN:164,(anonymous_25)
FN:164,(anonymous_26)
FN:173,(anonymous_27)
FN:174,(anonymous_28)
FN:175,(anonymous_29)
FN:176,(anonymous_30)
FN:181,(anonymous_31)
FN:181,(anonymous_32)
FN:202,(anonymous_33)
FN:203,(anonymous_34)
FN:204,(anonymous_35)
FN:205,(anonymous_36)
FN:206,(anonymous_37)
FN:207,(anonymous_38)
FN:212,(anonymous_39)
FN:212,(anonymous_40)
FN:215,(anonymous_41)
FN:221,(anonymous_42)
FN:223,(anonymous_43)
FNF:44
FNH:11
FNDA:2,(anonymous_0)
FNDA:2,(anonymous_1)
FNDA:2,(anonymous_2)
FNDA:1,(anonymous_3)
FNDA:1,(anonymous_4)
FNDA:2,(anonymous_5)
FNDA:2,(anonymous_6)
FNDA:0,(anonymous_7)
FNDA:0,(anonymous_8)
FNDA:0,(anonymous_9)
FNDA:0,(anonymous_10)
FNDA:0,(anonymous_11)
FNDA:0,(anonymous_12)
FNDA:0,(anonymous_13)
FNDA:0,(anonymous_14)
FNDA:0,(anonymous_15)
FNDA:0,(anonymous_16)
FNDA:0,(anonymous_17)
FNDA:0,(anonymous_18)
FNDA:0,(anonymous_19)
FNDA:0,(anonymous_20)
FNDA:0,(anonymous_21)
FNDA:0,(anonymous_22)
FNDA:0,(anonymous_23)
FNDA:0,(anonymous_24)
FNDA:0,(anonymous_25)
FNDA:0,(anonymous_26)
FNDA:0,(anonymous_27)
FNDA:0,(anonymous_28)
FNDA:0,(anonymous_29)
FNDA:0,(anonymous_30)
FNDA:0,(anonymous_31)
FNDA:0,(anonymous_32)
FNDA:0,(anonymous_33)
FNDA:0,(anonymous_34)
FNDA:0,(anonymous_35)
FNDA:0,(anonymous_36)
FNDA:0,(anonymous_37)
FNDA:0,(anonymous_38)
FNDA:1,(anonymous_39)
FNDA:1,(anonymous_40)
FNDA:1,(anonymous_41)
FNDA:1,(anonymous_42)
FNDA:0,(anonymous_43)
DA:11,2
DA:12,2
DA:17,2
DA:18,2
DA:22,2
DA:23,2
DA:27,2
DA:28,2
DA:33,2
DA:34,2
DA:39,2
DA:40,2
DA:44,2
DA:45,2
DA:50,2
DA:51,2
DA:56,2
DA:57,2
DA:62,2
DA:63,2
DA:67,2
DA:68,2
DA:75,2
DA:76,0
DA:77,0
DA:78,0
DA:79,0
DA:80,0
DA:81,0
DA:82,0
DA:83,0
DA:84,0
DA:89,2
DA:90,0
DA:91,0
DA:92,0
DA:93,0
DA:94,0
DA:95,0
DA:96,0
DA:100,2
DA:101,0
DA:102,0
DA:114,0
DA:115,0
DA:117,0
DA:118,0
DA:121,0
DA:122,0
DA:131,2
DA:132,0
DA:133,0
DA:144,0
DA:145,0
DA:147,0
DA:148,0
DA:151,0
DA:153,0
DA:156,0
DA:157,0
DA:164,2
DA:165,0
DA:166,0
DA:173,0
DA:174,0
DA:175,0
DA:177,0
DA:181,2
DA:182,0
DA:183,0
DA:184,0
DA:185,0
DA:186,0
DA:188,0
DA:202,0
DA:203,0
DA:204,0
DA:205,0
DA:206,0
DA:208,0
DA:212,2
DA:213,1
DA:214,1
DA:216,1
DA:217,0
DA:219,1
DA:222,1
DA:224,0
DA:225,0
LF:89
LH:34
BRDA:153,0,0,0
BRDA:153,0,1,0
BRDA:216,1,0,0
BRDA:216,1,1,1
BRF:4
BRH:1
end_of_record
TN:
SF:/Users/DarlingPressStudio/Desktop/thinkful/reactCapstone/tarot-react-redux/src/actions/utils.js
FN:1,(anonymous_0)
FN:7,(anonymous_1)
FNF:2
FNH:0
FNDA:0,(anonymous_0)
FNDA:0,(anonymous_1)
DA:1,2
DA:2,0
DA:3,0
DA:7,0
DA:9,0
DA:14,0
LF:6
LH:1
BRDA:2,0,0,0
BRDA:2,0,1,0
BRDA:3,1,0,0
BRDA:3,1,1,0
BRDA:4,2,0,0
BRDA:4,2,1,0
BRF:6
BRH:0
end_of_record
TN:
SF:/Users/DarlingPressStudio/Desktop/thinkful/reactCapstone/tarot-react-redux/src/reducers/auth.js
FN:24,reducer
FNF:1
FNH:1
FNDA:5,reducer
DA:15,1
DA:25,5
DA:26,1
DA:29,4
DA:30,1
DA:34,3
DA:35,1
DA:39,2
DA:40,0
DA:45,2
DA:46,0
DA:50,2
DA:51,0
DA:55,2
DA:56,0
DA:60,2
DA:61,0
DA:65,2
DA:66,0
DA:70,2
DA:71,0
DA:77,2
DA:78,0
DA:83,2
LF:24
LH:16
BRDA:24,0,0,4
BRDA:25,1,0,1
BRDA:25,1,1,4
BRDA:29,2,0,1
BRDA:29,2,1,3
BRDA:34,3,0,1
BRDA:34,3,1,2
BRDA:39,4,0,0
BRDA:39,4,1,2
BRDA:45,5,0,0
BRDA:45,5,1,2
BRDA:50,6,0,0
BRDA:50,6,1,2
BRDA:55,7,0,0
BRDA:55,7,1,2
BRDA:60,8,0,0
BRDA:60,8,1,2
BRDA:65,9,0,0
BRDA:65,9,1,2
BRDA:70,10,0,0
BRDA:70,10,1,2
BRDA:77,11,0,0
BRDA:77,11,1,2
BRF:23
BRH:15
end_of_record
TN:
SF:/Users/DarlingPressStudio/Desktop/thinkful/reactCapstone/tarot-react-redux/src/reducers/index.js
FN:102,(anonymous_0)
FN:111,direction
FN:114,(anonymous_2)
FN:120,direction
FN:123,(anonymous_4)
FNF:5
FNH:3
FNDA:10,(anonymous_0)
FNDA:0,direction
FNDA:0,(anonymous_2)
FNDA:3,direction
FNDA:3,(anonymous_4)
DA:14,1
DA:16,1
DA:102,1
DA:103,10
DA:104,1
DA:109,9
DA:110,0
DA:112,0
DA:114,0
DA:115,0
DA:118,9
DA:119,1
DA:121,3
DA:123,3
DA:124,1
DA:127,8
DA:128,1
DA:132,7
DA:133,1
DA:136,6
DA:137,1
DA:140,5
DA:141,1
DA:142,0
DA:147,1
DA:150,4
DA:151,1
DA:152,0
DA:156,1
DA:160,3
DA:161,1
DA:162,0
DA:166,1
DA:170,2
DA:171,0
DA:172,0
DA:176,0
DA:181,2
LF:38
LH:28
BRDA:102,0,0,9
BRDA:103,1,0,1
BRDA:103,1,1,9
BRDA:109,2,0,0
BRDA:109,2,1,9
BRDA:118,3,0,1
BRDA:118,3,1,8
BRDA:127,4,0,1
BRDA:127,4,1,7
BRDA:132,5,0,1
BRDA:132,5,1,6
BRDA:136,6,0,1
BRDA:136,6,1,5
BRDA:140,7,0,1
BRDA:140,7,1,4
BRDA:141,8,0,0
BRDA:141,8,1,1
BRDA:150,9,0,1
BRDA:150,9,1,3
BRDA:151,10,0,0
BRDA:151,10,1,1
BRDA:160,11,0,1
BRDA:160,11,1,2
BRDA:161,12,0,0
BRDA:161,12,1,1
BRDA:170,13,0,0
BRDA:170,13,1,2
BRDA:171,14,0,0
BRDA:171,14,1,0
BRF:29
BRH:22
end_of_record
